# JRE version: OpenJDK Runtime Environment (11.0.6+10) (build 11.0.6+10)
# Java VM: OpenJDK 64-Bit Server VM (11.0.6+10, mixed mode, tiered, compressed oops, parallel gc, windows-amd64)
Heap:
 PSYoungGen      total 7680K, used 5612K [0x00000000eab00000, 0x00000000eb880000, 0x0000000100000000)
  eden space 5632K, 70% used [0x00000000eab00000,0x00000000eaee3210,0x00000000eb080000)
  from space 2048K, 79% used [0x00000000eb680000,0x00000000eb818000,0x00000000eb880000)
  to   space 3072K, 0% used [0x00000000eb280000,0x00000000eb280000,0x00000000eb580000)
 ParOldGen       total 364032K, used 347039K [0x00000000c0000000, 0x00000000d6380000, 0x00000000eab00000)
  object space 364032K, 95% used [0x00000000c0000000,0x00000000d52e7cd8,0x00000000d6380000)
 Metaspace       used 87623K, capacity 90880K, committed 91264K, reserved 1132544K
  class space    used 7676K, capacity 8957K, committed 9088K, reserved 1048576K
GC Heap History (20 events):
Event: 12942.691 GC heap before
{Heap before GC invocations=32199 (full 675):
 PSYoungGen      total 4096K, used 4096K [0x00000000eab00000, 0x00000000eb700000, 0x0000000100000000)
  eden space 1536K, 100% used [0x00000000eab00000,0x00000000eac80000,0x00000000eac80000)
  from space 2560K, 100% used [0x00000000eb080000,0x00000000eb300000,0x00000000eb300000)
  to   space 4096K, 0% used [0x00000000eac80000,0x00000000eac80000,0x00000000eb080000)
 ParOldGen       total 364032K, used 326817K [0x00000000c0000000, 0x00000000d6380000, 0x00000000eab00000)
  object space 364032K, 89% used [0x00000000c0000000,0x00000000d3f28648,0x00000000d6380000)
 Metaspace       used 87618K, capacity 90880K, committed 91264K, reserved 1132544K
  class space    used 7676K, capacity 8957K, committed 9088K, reserved 1048576K
}
Event: 12942.697 GC heap after
{Heap after GC invocations=32199 (full 675):
 PSYoungGen      total 3584K, used 1632K [0x00000000eab00000, 0x00000000eb200000, 0x0000000100000000)
  eden space 1536K, 0% used [0x00000000eab00000,0x00000000eab00000,0x00000000eac80000)
  from space 2048K, 79% used [0x00000000eac80000,0x00000000eae18000,0x00000000eae80000)
  to   space 2560K, 0% used [0x00000000eaf80000,0x00000000eaf80000,0x00000000eb200000)
 ParOldGen       total 364032K, used 329417K [0x00000000c0000000, 0x00000000d6380000, 0x00000000eab00000)
  object space 364032K, 90% used [0x00000000c0000000,0x00000000d41b2648,0x00000000d6380000)
 Metaspace       used 87618K, capacity 90880K, committed 91264K, reserved 1132544K
  class space    used 7676K, capacity 8957K, committed 9088K, reserved 1048576K
}
Event: 12942.702 GC heap before
{Heap before GC invocations=32200 (full 675):
 PSYoungGen      total 3584K, used 3168K [0x00000000eab00000, 0x00000000eb200000, 0x0000000100000000)
  eden space 1536K, 100% used [0x00000000eab00000,0x00000000eac80000,0x00000000eac80000)
  from space 2048K, 79% used [0x00000000eac80000,0x00000000eae18000,0x00000000eae80000)
  to   space 2560K, 0% used [0x00000000eaf80000,0x00000000eaf80000,0x00000000eb200000)
 ParOldGen       total 364032K, used 329417K [0x00000000c0000000, 0x00000000d6380000, 0x00000000eab00000)
  object space 364032K, 90% used [0x00000000c0000000,0x00000000d41b2648,0x00000000d6380000)
 Metaspace       used 87618K, capacity 90880K, committed 91264K, reserved 1132544K
  class space    used 7676K, capacity 8957K, committed 9088K, reserved 1048576K
}
Event: 12942.706 GC heap after
{Heap after GC invocations=32200 (full 675):
 PSYoungGen      total 3584K, used 1152K [0x00000000eab00000, 0x00000000eb100000, 0x0000000100000000)
  eden space 2048K, 0% used [0x00000000eab00000,0x00000000eab00000,0x00000000ead00000)
  from space 1536K, 75% used [0x00000000eaf80000,0x00000000eb0a0000,0x00000000eb100000)
  to   space 1536K, 0% used [0x00000000eae00000,0x00000000eae00000,0x00000000eaf80000)
 ParOldGen       total 364032K, used 330937K [0x00000000c0000000, 0x00000000d6380000, 0x00000000eab00000)
  object space 364032K, 90% used [0x00000000c0000000,0x00000000d432e648,0x00000000d6380000)
 Metaspace       used 87618K, capacity 90880K, committed 91264K, reserved 1132544K
  class space    used 7676K, capacity 8957K, committed 9088K, reserved 1048576K
}
Event: 12942.715 GC heap before
{Heap before GC invocations=32201 (full 675):
 PSYoungGen      total 3584K, used 3200K [0x00000000eab00000, 0x00000000eb100000, 0x0000000100000000)
  eden space 2048K, 100% used [0x00000000eab00000,0x00000000ead00000,0x00000000ead00000)
  from space 1536K, 75% used [0x00000000eaf80000,0x00000000eb0a0000,0x00000000eb100000)
  to   space 1536K, 0% used [0x00000000eae00000,0x00000000eae00000,0x00000000eaf80000)
 ParOldGen       total 364032K, used 330937K [0x00000000c0000000, 0x00000000d6380000, 0x00000000eab00000)
  object space 364032K, 90% used [0x00000000c0000000,0x00000000d432e648,0x00000000d6380000)
 Metaspace       used 87618K, capacity 90880K, committed 91264K, reserved 1132544K
  class space    used 7676K, capacity 8957K, committed 9088K, reserved 1048576K
}
Event: 12942.717 GC heap after
{Heap after GC invocations=32201 (full 675):
 PSYoungGen      total 3072K, used 160K [0x00000000eab00000, 0x00000000eb000000, 0x0000000100000000)
  eden space 2560K, 0% used [0x00000000eab00000,0x00000000eab00000,0x00000000ead80000)
  from space 512K, 31% used [0x00000000eae00000,0x00000000eae28000,0x00000000eae80000)
  to   space 1024K, 0% used [0x00000000eaf00000,0x00000000eaf00000,0x00000000eb000000)
 ParOldGen       total 364032K, used 331793K [0x00000000c0000000, 0x00000000d6380000, 0x00000000eab00000)
  object space 364032K, 91% used [0x00000000c0000000,0x00000000d4404648,0x00000000d6380000)
 Metaspace       used 87618K, capacity 90880K, committed 91264K, reserved 1132544K
  class space    used 7676K, capacity 8957K, committed 9088K, reserved 1048576K
}
Event: 12942.723 GC heap before
{Heap before GC invocations=32202 (full 675):
 PSYoungGen      total 3072K, used 2720K [0x00000000eab00000, 0x00000000eb000000, 0x0000000100000000)
  eden space 2560K, 100% used [0x00000000eab00000,0x00000000ead80000,0x00000000ead80000)
  from space 512K, 31% used [0x00000000eae00000,0x00000000eae28000,0x00000000eae80000)
  to   space 1024K, 0% used [0x00000000eaf00000,0x00000000eaf00000,0x00000000eb000000)
 ParOldGen       total 364032K, used 331793K [0x00000000c0000000, 0x00000000d6380000, 0x00000000eab00000)
  object space 364032K, 91% used [0x00000000c0000000,0x00000000d4404648,0x00000000d6380000)
 Metaspace       used 87623K, capacity 90880K, committed 91264K, reserved 1132544K
  class space    used 7676K, capacity 8957K, committed 9088K, reserved 1048576K
}
Event: 12942.725 GC heap after
{Heap after GC invocations=32202 (full 675):
 PSYoungGen      total 4096K, used 850K [0x00000000eab00000, 0x00000000eb000000, 0x0000000100000000)
  eden space 3072K, 0% used [0x00000000eab00000,0x00000000eab00000,0x00000000eae00000)
  from space 1024K, 83% used [0x00000000eaf00000,0x00000000eafd4a18,0x00000000eb000000)
  to   space 1024K, 0% used [0x00000000eae00000,0x00000000eae00000,0x00000000eaf00000)
 ParOldGen       total 364032K, used 331825K [0x00000000c0000000, 0x00000000d6380000, 0x00000000eab00000)
  object space 364032K, 91% used [0x00000000c0000000,0x00000000d440c648,0x00000000d6380000)
 Metaspace       used 87623K, capacity 90880K, committed 91264K, reserved 1132544K
  class space    used 7676K, capacity 8957K, committed 9088K, reserved 1048576K
}
Event: 12942.733 GC heap before
{Heap before GC invocations=32203 (full 675):
 PSYoungGen      total 4096K, used 3823K [0x00000000eab00000, 0x00000000eb000000, 0x0000000100000000)
  eden space 3072K, 96% used [0x00000000eab00000,0x00000000eade7550,0x00000000eae00000)
  from space 1024K, 83% used [0x00000000eaf00000,0x00000000eafd4a18,0x00000000eb000000)
  to   space 1024K, 0% used [0x00000000eae00000,0x00000000eae00000,0x00000000eaf00000)
 ParOldGen       total 364032K, used 334235K [0x00000000c0000000, 0x00000000d6380000, 0x00000000eab00000)
  object space 364032K, 91% used [0x00000000c0000000,0x00000000d4666ff8,0x00000000d6380000)
 Metaspace       used 87623K, capacity 90880K, committed 91264K, reserved 1132544K
  class space    used 7676K, capacity 8957K, committed 9088K, reserved 1048576K
}
Event: 12942.735 GC heap after
{Heap after GC invocations=32203 (full 675):
 PSYoungGen      total 4096K, used 1020K [0x00000000eab00000, 0x00000000eb400000, 0x0000000100000000)
  eden space 3072K, 0% used [0x00000000eab00000,0x00000000eab00000,0x00000000eae00000)
  from space 1024K, 99% used [0x00000000eae00000,0x00000000eaeff358,0x00000000eaf00000)
  to   space 2560K, 0% used [0x00000000eb180000,0x00000000eb180000,0x00000000eb400000)
 ParOldGen       total 364032K, used 335496K [0x00000000c0000000, 0x00000000d6380000, 0x00000000eab00000)
  object space 364032K, 92% used [0x00000000c0000000,0x00000000d47a23e8,0x00000000d6380000)
 Metaspace       used 87623K, capacity 90880K, committed 91264K, reserved 1132544K
  class space    used 7676K, capacity 8957K, committed 9088K, reserved 1048576K
}
Event: 12942.742 GC heap before
{Heap before GC invocations=32204 (full 675):
 PSYoungGen      total 4096K, used 4092K [0x00000000eab00000, 0x00000000eb400000, 0x0000000100000000)
  eden space 3072K, 100% used [0x00000000eab00000,0x00000000eae00000,0x00000000eae00000)
  from space 1024K, 99% used [0x00000000eae00000,0x00000000eaeff358,0x00000000eaf00000)
  to   space 2560K, 0% used [0x00000000eb180000,0x00000000eb180000,0x00000000eb400000)
 ParOldGen       total 364032K, used 335496K [0x00000000c0000000, 0x00000000d6380000, 0x00000000eab00000)
  object space 364032K, 92% used [0x00000000c0000000,0x00000000d47a23e8,0x00000000d6380000)
 Metaspace       used 87623K, capacity 90880K, committed 91264K, reserved 1132544K
  class space    used 7676K, capacity 8957K, committed 9088K, reserved 1048576K
}
Event: 12942.745 GC heap after
{Heap after GC invocations=32204 (full 675):
 PSYoungGen      total 6144K, used 2504K [0x00000000eab00000, 0x00000000eb500000, 0x0000000100000000)
  eden space 3584K, 0% used [0x00000000eab00000,0x00000000eab00000,0x00000000eae80000)
  from space 2560K, 97% used [0x00000000eb180000,0x00000000eb3f23d8,0x00000000eb400000)
  to   space 3072K, 0% used [0x00000000eae80000,0x00000000eae80000,0x00000000eb180000)
 ParOldGen       total 364032K, used 336567K [0x00000000c0000000, 0x00000000d6380000, 0x00000000eab00000)
  object space 364032K, 92% used [0x00000000c0000000,0x00000000d48adc80,0x00000000d6380000)
 Metaspace       used 87623K, capacity 90880K, committed 91264K, reserved 1132544K
  class space    used 7676K, capacity 8957K, committed 9088K, reserved 1048576K
}
Event: 12942.756 GC heap before
{Heap before GC invocations=32205 (full 675):
 PSYoungGen      total 6144K, used 6087K [0x00000000eab00000, 0x00000000eb500000, 0x0000000100000000)
  eden space 3584K, 99% used [0x00000000eab00000,0x00000000eae7fbd0,0x00000000eae80000)
  from space 2560K, 97% used [0x00000000eb180000,0x00000000eb3f23d8,0x00000000eb400000)
  to   space 3072K, 0% used [0x00000000eae80000,0x00000000eae80000,0x00000000eb180000)
 ParOldGen       total 364032K, used 336567K [0x00000000c0000000, 0x00000000d6380000, 0x00000000eab00000)
  object space 364032K, 92% used [0x00000000c0000000,0x00000000d48adc80,0x00000000d6380000)
 Metaspace       used 87623K, capacity 90880K, committed 91264K, reserved 1132544K
  class space    used 7676K, capacity 8957K, committed 9088K, reserved 1048576K
}
Event: 12942.759 GC heap after
{Heap after GC invocations=32205 (full 675):
 PSYoungGen      total 6656K, used 2662K [0x00000000eab00000, 0x00000000eb580000, 0x0000000100000000)
  eden space 3584K, 0% used [0x00000000eab00000,0x00000000eab00000,0x00000000eae80000)
  from space 3072K, 86% used [0x00000000eae80000,0x00000000eb119a90,0x00000000eb180000)
  to   space 3072K, 0% used [0x00000000eb280000,0x00000000eb280000,0x00000000eb580000)
 ParOldGen       total 364032K, used 338988K [0x00000000c0000000, 0x00000000d6380000, 0x00000000eab00000)
  object space 364032K, 93% used [0x00000000c0000000,0x00000000d4b0b068,0x00000000d6380000)
 Metaspace       used 87623K, capacity 90880K, committed 91264K, reserved 1132544K
  class space    used 7676K, capacity 8957K, committed 9088K, reserved 1048576K
}
Event: 12942.769 GC heap before
{Heap before GC invocations=32206 (full 675):
 PSYoungGen      total 6656K, used 6129K [0x00000000eab00000, 0x00000000eb580000, 0x0000000100000000)
  eden space 3584K, 96% used [0x00000000eab00000,0x00000000eae62b38,0x00000000eae80000)
  from space 3072K, 86% used [0x00000000eae80000,0x00000000eb119a90,0x00000000eb180000)
  to   space 3072K, 0% used [0x00000000eb280000,0x00000000eb280000,0x00000000eb580000)
 ParOldGen       total 364032K, used 338988K [0x00000000c0000000, 0x00000000d6380000, 0x00000000eab00000)
  object space 364032K, 93% used [0x00000000c0000000,0x00000000d4b0b068,0x00000000d6380000)
 Metaspace       used 87623K, capacity 90880K, committed 91264K, reserved 1132544K
  class space    used 7676K, capacity 8957K, committed 9088K, reserved 1048576K
}
Event: 12942.771 GC heap after
{Heap after GC invocations=32206 (full 675):
 PSYoungGen      total 7680K, used 2613K [0x00000000eab00000, 0x00000000eb580000, 0x0000000100000000)
  eden space 4608K, 0% used [0x00000000eab00000,0x00000000eab00000,0x00000000eaf80000)
  from space 3072K, 85% used [0x00000000eb280000,0x00000000eb50d7f0,0x00000000eb580000)
  to   space 3072K, 0% used [0x00000000eaf80000,0x00000000eaf80000,0x00000000eb280000)
 ParOldGen       total 364032K, used 341523K [0x00000000c0000000, 0x00000000d6380000, 0x00000000eab00000)
  object space 364032K, 93% used [0x00000000c0000000,0x00000000d4d84c60,0x00000000d6380000)
 Metaspace       used 87623K, capacity 90880K, committed 91264K, reserved 1132544K
  class space    used 7676K, capacity 8957K, committed 9088K, reserved 1048576K
}
Event: 12942.783 GC heap before
{Heap before GC invocations=32207 (full 675):
 PSYoungGen      total 7680K, used 7221K [0x00000000eab00000, 0x00000000eb580000, 0x0000000100000000)
  eden space 4608K, 100% used [0x00000000eab00000,0x00000000eaf80000,0x00000000eaf80000)
  from space 3072K, 85% used [0x00000000eb280000,0x00000000eb50d7f0,0x00000000eb580000)
  to   space 3072K, 0% used [0x00000000eaf80000,0x00000000eaf80000,0x00000000eb280000)
 ParOldGen       total 364032K, used 341523K [0x00000000c0000000, 0x00000000d6380000, 0x00000000eab00000)
  object space 364032K, 93% used [0x00000000c0000000,0x00000000d4d84c60,0x00000000d6380000)
 Metaspace       used 87623K, capacity 90880K, committed 91264K, reserved 1132544K
  class space    used 7676K, capacity 8957K, committed 9088K, reserved 1048576K
}
Event: 12942.785 GC heap after
{Heap after GC invocations=32207 (full 675):
 PSYoungGen      total 7680K, used 3047K [0x00000000eab00000, 0x00000000ebc80000, 0x0000000100000000)
  eden space 4608K, 0% used [0x00000000eab00000,0x00000000eab00000,0x00000000eaf80000)
  from space 3072K, 99% used [0x00000000eaf80000,0x00000000eb279d30,0x00000000eb280000)
  to   space 6144K, 0% used [0x00000000eb680000,0x00000000eb680000,0x00000000ebc80000)
 ParOldGen       total 364032K, used 343991K [0x00000000c0000000, 0x00000000d6380000, 0x00000000eab00000)
  object space 364032K, 94% used [0x00000000c0000000,0x00000000d4fedeb0,0x00000000d6380000)
 Metaspace       used 87623K, capacity 90880K, committed 91264K, reserved 1132544K
  class space    used 7676K, capacity 8957K, committed 9088K, reserved 1048576K
}
Event: 12942.792 GC heap before
{Heap before GC invocations=32208 (full 675):
 PSYoungGen      total 7680K, used 7655K [0x00000000eab00000, 0x00000000ebc80000, 0x0000000100000000)
  eden space 4608K, 100% used [0x00000000eab00000,0x00000000eaf80000,0x00000000eaf80000)
  from space 3072K, 99% used [0x00000000eaf80000,0x00000000eb279d30,0x00000000eb280000)
  to   space 6144K, 0% used [0x00000000eb680000,0x00000000eb680000,0x00000000ebc80000)
 ParOldGen       total 364032K, used 343991K [0x00000000c0000000, 0x00000000d6380000, 0x00000000eab00000)
  object space 364032K, 94% used [0x00000000c0000000,0x00000000d4fedeb0,0x00000000d6380000)
 Metaspace       used 87623K, capacity 90880K, committed 91264K, reserved 1132544K
  class space    used 7676K, capacity 8957K, committed 9088K, reserved 1048576K
}
Event: 12942.795 GC heap after
{Heap after GC invocations=32208 (full 675):
 PSYoungGen      total 7680K, used 1632K [0x00000000eab00000, 0x00000000eb880000, 0x0000000100000000)
  eden space 5632K, 0% used [0x00000000eab00000,0x00000000eab00000,0x00000000eb080000)
  from space 2048K, 79% used [0x00000000eb680000,0x00000000eb818000,0x00000000eb880000)
  to   space 3072K, 0% used [0x00000000eb280000,0x00000000eb280000,0x00000000eb580000)
 ParOldGen       total 364032K, used 347039K [0x00000000c0000000, 0x00000000d6380000, 0x00000000eab00000)
  object space 364032K, 95% used [0x00000000c0000000,0x00000000d52e7cd8,0x00000000d6380000)
 Metaspace       used 87623K, capacity 90880K, committed 91264K, reserved 1132544K
  class space    used 7676K, capacity 8957K, committed 9088K, reserved 1048576K
}

