# JRE version: OpenJDK Runtime Environment (11.0.6+10) (build 11.0.6+10)
# Java VM: OpenJDK 64-Bit Server VM (11.0.6+10, mixed mode, tiered, compressed oops, parallel gc, windows-amd64)
Heap:
 PSYoungGen      total 17408K, used 17040K [0x00000000eab00000, 0x00000000ec080000, 0x0000000100000000)
  eden space 15872K, 100% used [0x00000000eab00000,0x00000000eba80000,0x00000000eba80000)
  from space 1536K, 76% used [0x00000000ebf00000,0x00000000ec024378,0x00000000ec080000)
  to   space 1536K, 0% used [0x00000000ebd80000,0x00000000ebd80000,0x00000000ebf00000)
 ParOldGen       total 90624K, used 70371K [0x00000000c0000000, 0x00000000c5880000, 0x00000000eab00000)
  object space 90624K, 77% used [0x00000000c0000000,0x00000000c44b8f08,0x00000000c5880000)
 Metaspace       used 64826K, capacity 67867K, committed 68056K, reserved 1110016K
  class space    used 6286K, capacity 7359K, committed 7424K, reserved 1048576K
GC Heap History (20 events):
Event: 8.410 GC heap before
{Heap before GC invocations=30 (full 4):
 PSYoungGen      total 20992K, used 5025K [0x00000000eab00000, 0x00000000ed400000, 0x0000000100000000)
  eden space 15872K, 0% used [0x00000000eab00000,0x00000000eab00000,0x00000000eba80000)
  from space 5120K, 98% used [0x00000000ecf00000,0x00000000ed3e87d0,0x00000000ed400000)
  to   space 10240K, 0% used [0x00000000ec000000,0x00000000ec000000,0x00000000eca00000)
 ParOldGen       total 68608K, used 60774K [0x00000000c0000000, 0x00000000c4300000, 0x00000000eab00000)
  object space 68608K, 88% used [0x00000000c0000000,0x00000000c3b59970,0x00000000c4300000)
 Metaspace       used 58975K, capacity 61823K, committed 62040K, reserved 1103872K
  class space    used 5725K, capacity 6732K, committed 6784K, reserved 1048576K
}
Event: 8.468 GC heap after
{Heap after GC invocations=30 (full 4):
 PSYoungGen      total 16384K, used 0K [0x00000000eab00000, 0x00000000ecf80000, 0x0000000100000000)
  eden space 15872K, 0% used [0x00000000eab00000,0x00000000eab00000,0x00000000eba80000)
  from space 512K, 0% used [0x00000000ec000000,0x00000000ec000000,0x00000000ec080000)
  to   space 10240K, 0% used [0x00000000ec580000,0x00000000ec580000,0x00000000ecf80000)
 ParOldGen       total 90624K, used 56139K [0x00000000c0000000, 0x00000000c5880000, 0x00000000eab00000)
  object space 90624K, 61% used [0x00000000c0000000,0x00000000c36d2c38,0x00000000c5880000)
 Metaspace       used 58975K, capacity 61823K, committed 62040K, reserved 1103872K
  class space    used 5725K, capacity 6732K, committed 6784K, reserved 1048576K
}
Event: 8.594 GC heap before
{Heap before GC invocations=31 (full 4):
 PSYoungGen      total 16384K, used 15872K [0x00000000eab00000, 0x00000000ecf80000, 0x0000000100000000)
  eden space 15872K, 100% used [0x00000000eab00000,0x00000000eba80000,0x00000000eba80000)
  from space 512K, 0% used [0x00000000ec000000,0x00000000ec000000,0x00000000ec080000)
  to   space 10240K, 0% used [0x00000000ec580000,0x00000000ec580000,0x00000000ecf80000)
 ParOldGen       total 90624K, used 56139K [0x00000000c0000000, 0x00000000c5880000, 0x00000000eab00000)
  object space 90624K, 61% used [0x00000000c0000000,0x00000000c36d2c38,0x00000000c5880000)
 Metaspace       used 59412K, capacity 62277K, committed 62296K, reserved 1105920K
  class space    used 5765K, capacity 6777K, committed 6784K, reserved 1048576K
}
Event: 8.597 GC heap after
{Heap after GC invocations=31 (full 4):
 PSYoungGen      total 19968K, used 4084K [0x00000000eab00000, 0x00000000ec980000, 0x0000000100000000)
  eden space 15872K, 0% used [0x00000000eab00000,0x00000000eab00000,0x00000000eba80000)
  from space 4096K, 99% used [0x00000000ec580000,0x00000000ec97d1b0,0x00000000ec980000)
  to   space 5632K, 0% used [0x00000000ebe80000,0x00000000ebe80000,0x00000000ec400000)
 ParOldGen       total 90624K, used 56139K [0x00000000c0000000, 0x00000000c5880000, 0x00000000eab00000)
  object space 90624K, 61% used [0x00000000c0000000,0x00000000c36d2c38,0x00000000c5880000)
 Metaspace       used 59412K, capacity 62277K, committed 62296K, reserved 1105920K
  class space    used 5765K, capacity 6777K, committed 6784K, reserved 1048576K
}
Event: 8.688 GC heap before
{Heap before GC invocations=32 (full 4):
 PSYoungGen      total 19968K, used 19956K [0x00000000eab00000, 0x00000000ec980000, 0x0000000100000000)
  eden space 15872K, 100% used [0x00000000eab00000,0x00000000eba80000,0x00000000eba80000)
  from space 4096K, 99% used [0x00000000ec580000,0x00000000ec97d1b0,0x00000000ec980000)
  to   space 5632K, 0% used [0x00000000ebe80000,0x00000000ebe80000,0x00000000ec400000)
 ParOldGen       total 90624K, used 56139K [0x00000000c0000000, 0x00000000c5880000, 0x00000000eab00000)
  object space 90624K, 61% used [0x00000000c0000000,0x00000000c36d2c38,0x00000000c5880000)
 Metaspace       used 59549K, capacity 62405K, committed 62552K, reserved 1105920K
  class space    used 5766K, capacity 6777K, committed 6784K, reserved 1048576K
}
Event: 8.692 GC heap after
{Heap after GC invocations=32 (full 4):
 PSYoungGen      total 19968K, used 3971K [0x00000000eab00000, 0x00000000ec600000, 0x0000000100000000)
  eden space 15872K, 0% used [0x00000000eab00000,0x00000000eab00000,0x00000000eba80000)
  from space 4096K, 96% used [0x00000000ebe80000,0x00000000ec260e10,0x00000000ec280000)
  to   space 3584K, 0% used [0x00000000ec280000,0x00000000ec280000,0x00000000ec600000)
 ParOldGen       total 90624K, used 60048K [0x00000000c0000000, 0x00000000c5880000, 0x00000000eab00000)
  object space 90624K, 66% used [0x00000000c0000000,0x00000000c3aa43d0,0x00000000c5880000)
 Metaspace       used 59549K, capacity 62405K, committed 62552K, reserved 1105920K
  class space    used 5766K, capacity 6777K, committed 6784K, reserved 1048576K
}
Event: 8.789 GC heap before
{Heap before GC invocations=33 (full 4):
 PSYoungGen      total 19968K, used 19843K [0x00000000eab00000, 0x00000000ec600000, 0x0000000100000000)
  eden space 15872K, 100% used [0x00000000eab00000,0x00000000eba80000,0x00000000eba80000)
  from space 4096K, 96% used [0x00000000ebe80000,0x00000000ec260e10,0x00000000ec280000)
  to   space 3584K, 0% used [0x00000000ec280000,0x00000000ec280000,0x00000000ec600000)
 ParOldGen       total 90624K, used 60048K [0x00000000c0000000, 0x00000000c5880000, 0x00000000eab00000)
  object space 90624K, 66% used [0x00000000c0000000,0x00000000c3aa43d0,0x00000000c5880000)
 Metaspace       used 59710K, capacity 62533K, committed 62552K, reserved 1105920K
  class space    used 5773K, capacity 6777K, committed 6784K, reserved 1048576K
}
Event: 8.793 GC heap after
{Heap after GC invocations=33 (full 4):
 PSYoungGen      total 19456K, used 3409K [0x00000000eab00000, 0x00000000ec600000, 0x0000000100000000)
  eden space 15872K, 0% used [0x00000000eab00000,0x00000000eab00000,0x00000000eba80000)
  from space 3584K, 95% used [0x00000000ec280000,0x00000000ec5d4670,0x00000000ec600000)
  to   space 4096K, 0% used [0x00000000ebe00000,0x00000000ebe00000,0x00000000ec200000)
 ParOldGen       total 90624K, used 63853K [0x00000000c0000000, 0x00000000c5880000, 0x00000000eab00000)
  object space 90624K, 70% used [0x00000000c0000000,0x00000000c3e5b770,0x00000000c5880000)
 Metaspace       used 59710K, capacity 62533K, committed 62552K, reserved 1105920K
  class space    used 5773K, capacity 6777K, committed 6784K, reserved 1048576K
}
Event: 40.880 GC heap before
{Heap before GC invocations=34 (full 4):
 PSYoungGen      total 19456K, used 19281K [0x00000000eab00000, 0x00000000ec600000, 0x0000000100000000)
  eden space 15872K, 100% used [0x00000000eab00000,0x00000000eba80000,0x00000000eba80000)
  from space 3584K, 95% used [0x00000000ec280000,0x00000000ec5d4670,0x00000000ec600000)
  to   space 4096K, 0% used [0x00000000ebe00000,0x00000000ebe00000,0x00000000ec200000)
 ParOldGen       total 90624K, used 63853K [0x00000000c0000000, 0x00000000c5880000, 0x00000000eab00000)
  object space 90624K, 70% used [0x00000000c0000000,0x00000000c3e5b770,0x00000000c5880000)
 Metaspace       used 62536K, capacity 65512K, committed 65752K, reserved 1107968K
  class space    used 6104K, capacity 7153K, committed 7168K, reserved 1048576K
}
Event: 40.884 GC heap after
{Heap after GC invocations=34 (full 4):
 PSYoungGen      total 17920K, used 1696K [0x00000000eab00000, 0x00000000ec300000, 0x0000000100000000)
  eden space 15872K, 0% used [0x00000000eab00000,0x00000000eab00000,0x00000000eba80000)
  from space 2048K, 82% used [0x00000000ebe00000,0x00000000ebfa81d0,0x00000000ec000000)
  to   space 2560K, 0% used [0x00000000ec080000,0x00000000ec080000,0x00000000ec300000)
 ParOldGen       total 90624K, used 66835K [0x00000000c0000000, 0x00000000c5880000, 0x00000000eab00000)
  object space 90624K, 73% used [0x00000000c0000000,0x00000000c4144eb0,0x00000000c5880000)
 Metaspace       used 62536K, capacity 65512K, committed 65752K, reserved 1107968K
  class space    used 6104K, capacity 7153K, committed 7168K, reserved 1048576K
}
Event: 41.197 GC heap before
{Heap before GC invocations=35 (full 4):
 PSYoungGen      total 17920K, used 17568K [0x00000000eab00000, 0x00000000ec300000, 0x0000000100000000)
  eden space 15872K, 100% used [0x00000000eab00000,0x00000000eba80000,0x00000000eba80000)
  from space 2048K, 82% used [0x00000000ebe00000,0x00000000ebfa81d0,0x00000000ec000000)
  to   space 2560K, 0% used [0x00000000ec080000,0x00000000ec080000,0x00000000ec300000)
 ParOldGen       total 90624K, used 66835K [0x00000000c0000000, 0x00000000c5880000, 0x00000000eab00000)
  object space 90624K, 73% used [0x00000000c0000000,0x00000000c4144eb0,0x00000000c5880000)
 Metaspace       used 63745K, capacity 66724K, committed 67032K, reserved 1110016K
  class space    used 6226K, capacity 7305K, committed 7424K, reserved 1048576K
}
Event: 41.200 GC heap after
{Heap after GC invocations=35 (full 4):
 PSYoungGen      total 17408K, used 1344K [0x00000000eab00000, 0x00000000ec200000, 0x0000000100000000)
  eden space 15872K, 0% used [0x00000000eab00000,0x00000000eab00000,0x00000000eba80000)
  from space 1536K, 87% used [0x00000000ec080000,0x00000000ec1d0368,0x00000000ec200000)
  to   space 2048K, 0% used [0x00000000ebe00000,0x00000000ebe00000,0x00000000ec000000)
 ParOldGen       total 90624K, used 68004K [0x00000000c0000000, 0x00000000c5880000, 0x00000000eab00000)
  object space 90624K, 75% used [0x00000000c0000000,0x00000000c42690d0,0x00000000c5880000)
 Metaspace       used 63745K, capacity 66724K, committed 67032K, reserved 1110016K
  class space    used 6226K, capacity 7305K, committed 7424K, reserved 1048576K
}
Event: 46.166 GC heap before
{Heap before GC invocations=36 (full 4):
 PSYoungGen      total 17408K, used 17216K [0x00000000eab00000, 0x00000000ec200000, 0x0000000100000000)
  eden space 15872K, 100% used [0x00000000eab00000,0x00000000eba80000,0x00000000eba80000)
  from space 1536K, 87% used [0x00000000ec080000,0x00000000ec1d0368,0x00000000ec200000)
  to   space 2048K, 0% used [0x00000000ebe00000,0x00000000ebe00000,0x00000000ec000000)
 ParOldGen       total 90624K, used 68004K [0x00000000c0000000, 0x00000000c5880000, 0x00000000eab00000)
  object space 90624K, 75% used [0x00000000c0000000,0x00000000c42690d0,0x00000000c5880000)
 Metaspace       used 63849K, capacity 66826K, committed 67032K, reserved 1110016K
  class space    used 6233K, capacity 7338K, committed 7424K, reserved 1048576K
}
Event: 46.168 GC heap after
{Heap after GC invocations=36 (full 4):
 PSYoungGen      total 17920K, used 2027K [0x00000000eab00000, 0x00000000ec380000, 0x0000000100000000)
  eden space 15872K, 0% used [0x00000000eab00000,0x00000000eab00000,0x00000000eba80000)
  from space 2048K, 99% used [0x00000000ebe00000,0x00000000ebffaea0,0x00000000ec000000)
  to   space 3584K, 0% used [0x00000000ec000000,0x00000000ec000000,0x00000000ec380000)
 ParOldGen       total 90624K, used 69974K [0x00000000c0000000, 0x00000000c5880000, 0x00000000eab00000)
  object space 90624K, 77% used [0x00000000c0000000,0x00000000c4455b48,0x00000000c5880000)
 Metaspace       used 63849K, capacity 66826K, committed 67032K, reserved 1110016K
  class space    used 6233K, capacity 7338K, committed 7424K, reserved 1048576K
}
Event: 48.958 GC heap before
{Heap before GC invocations=37 (full 4):
 PSYoungGen      total 17920K, used 17899K [0x00000000eab00000, 0x00000000ec380000, 0x0000000100000000)
  eden space 15872K, 100% used [0x00000000eab00000,0x00000000eba80000,0x00000000eba80000)
  from space 2048K, 99% used [0x00000000ebe00000,0x00000000ebffaea0,0x00000000ec000000)
  to   space 3584K, 0% used [0x00000000ec000000,0x00000000ec000000,0x00000000ec380000)
 ParOldGen       total 90624K, used 69974K [0x00000000c0000000, 0x00000000c5880000, 0x00000000eab00000)
  object space 90624K, 77% used [0x00000000c0000000,0x00000000c4455b48,0x00000000c5880000)
 Metaspace       used 64127K, capacity 67117K, committed 67288K, reserved 1110016K
  class space    used 6255K, capacity 7348K, committed 7424K, reserved 1048576K
}
Event: 48.959 GC heap after
{Heap after GC invocations=37 (full 4):
 PSYoungGen      total 17408K, used 1172K [0x00000000eab00000, 0x00000000ec180000, 0x0000000100000000)
  eden space 15872K, 0% used [0x00000000eab00000,0x00000000eab00000,0x00000000eba80000)
  from space 1536K, 76% used [0x00000000ec000000,0x00000000ec1250f8,0x00000000ec180000)
  to   space 2560K, 0% used [0x00000000ebc80000,0x00000000ebc80000,0x00000000ebf00000)
 ParOldGen       total 90624K, used 70258K [0x00000000c0000000, 0x00000000c5880000, 0x00000000eab00000)
  object space 90624K, 77% used [0x00000000c0000000,0x00000000c449c828,0x00000000c5880000)
 Metaspace       used 64127K, capacity 67117K, committed 67288K, reserved 1110016K
  class space    used 6255K, capacity 7348K, committed 7424K, reserved 1048576K
}
Event: 49.360 GC heap before
{Heap before GC invocations=38 (full 4):
 PSYoungGen      total 17408K, used 17044K [0x00000000eab00000, 0x00000000ec180000, 0x0000000100000000)
  eden space 15872K, 100% used [0x00000000eab00000,0x00000000eba80000,0x00000000eba80000)
  from space 1536K, 76% used [0x00000000ec000000,0x00000000ec1250f8,0x00000000ec180000)
  to   space 2560K, 0% used [0x00000000ebc80000,0x00000000ebc80000,0x00000000ebf00000)
 ParOldGen       total 90624K, used 70258K [0x00000000c0000000, 0x00000000c5880000, 0x00000000eab00000)
  object space 90624K, 77% used [0x00000000c0000000,0x00000000c449c828,0x00000000c5880000)
 Metaspace       used 64251K, capacity 67255K, committed 67544K, reserved 1110016K
  class space    used 6258K, capacity 7351K, committed 7424K, reserved 1048576K
}
Event: 49.361 GC heap after
{Heap after GC invocations=38 (full 4):
 PSYoungGen      total 18432K, used 1440K [0x00000000eab00000, 0x00000000ec080000, 0x0000000100000000)
  eden space 15872K, 0% used [0x00000000eab00000,0x00000000eab00000,0x00000000eba80000)
  from space 2560K, 56% used [0x00000000ebc80000,0x00000000ebde8368,0x00000000ebf00000)
  to   space 1536K, 0% used [0x00000000ebf00000,0x00000000ebf00000,0x00000000ec080000)
 ParOldGen       total 90624K, used 70363K [0x00000000c0000000, 0x00000000c5880000, 0x00000000eab00000)
  object space 90624K, 77% used [0x00000000c0000000,0x00000000c44b6f08,0x00000000c5880000)
 Metaspace       used 64251K, capacity 67255K, committed 67544K, reserved 1110016K
  class space    used 6258K, capacity 7351K, committed 7424K, reserved 1048576K
}
Event: 49.754 GC heap before
{Heap before GC invocations=39 (full 4):
 PSYoungGen      total 18432K, used 17312K [0x00000000eab00000, 0x00000000ec080000, 0x0000000100000000)
  eden space 15872K, 100% used [0x00000000eab00000,0x00000000eba80000,0x00000000eba80000)
  from space 2560K, 56% used [0x00000000ebc80000,0x00000000ebde8368,0x00000000ebf00000)
  to   space 1536K, 0% used [0x00000000ebf00000,0x00000000ebf00000,0x00000000ec080000)
 ParOldGen       total 90624K, used 70363K [0x00000000c0000000, 0x00000000c5880000, 0x00000000eab00000)
  object space 90624K, 77% used [0x00000000c0000000,0x00000000c44b6f08,0x00000000c5880000)
 Metaspace       used 64570K, capacity 67596K, committed 67800K, reserved 1110016K
  class space    used 6265K, capacity 7356K, committed 7424K, reserved 1048576K
}
Event: 49.756 GC heap after
{Heap after GC invocations=39 (full 4):
 PSYoungGen      total 17408K, used 1168K [0x00000000eab00000, 0x00000000ec080000, 0x0000000100000000)
  eden space 15872K, 0% used [0x00000000eab00000,0x00000000eab00000,0x00000000eba80000)
  from space 1536K, 76% used [0x00000000ebf00000,0x00000000ec024378,0x00000000ec080000)
  to   space 1536K, 0% used [0x00000000ebd80000,0x00000000ebd80000,0x00000000ebf00000)
 ParOldGen       total 90624K, used 70371K [0x00000000c0000000, 0x00000000c5880000, 0x00000000eab00000)
  object space 90624K, 77% used [0x00000000c0000000,0x00000000c44b8f08,0x00000000c5880000)
 Metaspace       used 64570K, capacity 67596K, committed 67800K, reserved 1110016K
  class space    used 6265K, capacity 7356K, committed 7424K, reserved 1048576K
}

